#
# A fatal error has been detected by the Java Runtime Environment:
#
#  Internal Error (javaCalls.cpp:51), pid=2896, tid=0x0000000000005590
#  guarantee(thread->is_Java_thread()) failed: crucial check - the VM thread cannot and must not escape to Java code
#
# JRE version: Java(TM) SE Runtime Environment (8.0_201-b09) (build 1.8.0_201-b09)
# Java VM: Java HotSpot(TM) 64-Bit Server VM (25.201-b09 mixed mode windows-amd64 compressed oops)
# Failed to write core dump. Minidumps are not enabled by default on client versions of Windows
#
# If you would like to submit a bug report, please visit:
#   http://bugreport.java.com/bugreport/crash.jsp
#

---------------  T H R E A D  ---------------

Current thread (0x000000001c158000):  VMThread [stack: 0x000000001d1f0000,0x000000001d2f0000] [id=21904]

Stack: [0x000000001d1f0000,0x000000001d2f0000]
[error occurred during error reporting (printing stack bounds), id 0xc0000005]

Native frames: (J=compiled Java code, j=interpreted, Vv=VM code, C=native code)

VM_Operation (0x000000001dc1f360): GetOrSetLocal, mode: safepoint, requested by thread 0x000000001c1aa800


---------------  P R O C E S S  ---------------

Java Threads: ( => current thread )
  0x000000001f160800 JavaThread "Okio Watchdog" daemon [_thread_blocked, id=21696, stack(0x00000000214f0000,0x00000000215f0000)]
  0x000000001f386800 JavaThread "OkHttp ConnectionPool" daemon [_thread_blocked, id=4932, stack(0x00000000210f0000,0x00000000211f0000)]
  0x000000001f19a000 JavaThread "Exec Stream Pumper" daemon [_thread_in_native, id=15256, stack(0x0000000020af0000,0x0000000020bf0000)]
  0x000000001f199800 JavaThread "Exec Stream Pumper" daemon [_thread_in_native, id=18980, stack(0x00000000209f0000,0x0000000020af0000)]
  0x000000001f198800 JavaThread "Exec Default Executor" daemon [_thread_in_native, id=25440, stack(0x00000000207f0000,0x00000000208f0000)]
  0x000000001ef1c000 JavaThread "ReaderThread" [_thread_in_native, id=18128, stack(0x00000000200f0000,0x00000000201f0000)]
  0x000000001e19d800 JavaThread "Service Thread" daemon [_thread_blocked, id=23076, stack(0x000000001e520000,0x000000001e620000)]
  0x000000001c1d8000 JavaThread "C1 CompilerThread2" daemon [_thread_blocked, id=16496, stack(0x000000001e020000,0x000000001e120000)]
  0x000000001c1d6800 JavaThread "C2 CompilerThread1" daemon [_thread_blocked, id=19120, stack(0x000000001df20000,0x000000001e020000)]
  0x000000001c1d4800 JavaThread "C2 CompilerThread0" daemon [_thread_blocked, id=26552, stack(0x000000001de20000,0x000000001df20000)]
  0x000000001c1b9800 JavaThread "JDWP Command Reader" daemon [_thread_in_native, id=20676, stack(0x000000001dd20000,0x000000001de20000)]
  0x000000001c1b5800 JavaThread "JDWP Event Helper Thread" daemon [_thread_blocked, id=11480, stack(0x000000001dc20000,0x000000001dd20000)]
  0x000000001c1aa800 JavaThread "JDWP Transport Listener: dt_socket" daemon [_thread_blocked, id=26708, stack(0x000000001db20000,0x000000001dc20000)]
  0x000000001c19e000 JavaThread "Attach Listener" daemon [_thread_blocked, id=6884, stack(0x000000001d6e0000,0x000000001d7e0000)]
  0x000000001c19c800 JavaThread "Signal Dispatcher" daemon [_thread_blocked, id=22176, stack(0x000000001d5e0000,0x000000001d6e0000)]
  0x000000001c180800 JavaThread "Finalizer" daemon [_thread_blocked, id=21832, stack(0x000000001d3f0000,0x000000001d4f0000)]
  0x000000001c179800 JavaThread "Reference Handler" daemon [_thread_blocked, id=29636, stack(0x000000001d2f0000,0x000000001d3f0000)]
  0x0000000002ab6000 JavaThread "main" [_thread_blocked, id=17724, stack(0x00000000028f0000,0x00000000029f0000)]

Other Threads:
=>0x000000001c158000 VMThread [stack: 0x000000001d1f0000,0x000000001d2f0000] [id=21904]
  0x000000001e1a3000 WatcherThread [stack: 0x000000001e620000,0x000000001e720000] [id=13344]

VM state:at safepoint (normal execution)

VM Mutex/Monitor currently owned by a thread:  ([mutex/lock_event])
[0x0000000002ab31d0] Threads_lock - owner thread: 0x000000001c158000

heap address: 0x00000006c1a00000, size: 4070 MB, Compressed Oops mode: Zero based, Oop shift amount: 3
Narrow klass base: 0x0000000000000000, Narrow klass shift: 3
Compressed class space size: 1073741824 Address: 0x00000007c0000000

Heap:
 PSYoungGen      total 76288K, used 37992K [0x000000076b380000, 0x0000000770880000, 0x00000007c0000000)
  eden space 65536K, 57% used [0x000000076b380000,0x000000076d89a290,0x000000076f380000)
  from space 10752K, 0% used [0x000000076fe00000,0x000000076fe00000,0x0000000770880000)
  to   space 10752K, 0% used [0x000000076f380000,0x000000076f380000,0x000000076fe00000)
 ParOldGen       total 73728K, used 8089K [0x00000006c1a00000, 0x00000006c6200000, 0x000000076b380000)
  object space 73728K, 10% used [0x00000006c1a00000,0x00000006c21e6458,0x00000006c6200000)
 Metaspace       used 25390K, capacity 26244K, committed 26368K, reserved 1073152K
  class space    used 3129K, capacity 3328K, committed 3328K, reserved 1048576K

Card table byte_map: [0x0000000011f70000,0x0000000012770000] byte_map_base: 0x000000000e963000

Marking Bits: (ParMarkBitMap*) 0x0000000071ee4ce0
 Begin Bits: [0x00000000130c0000, 0x0000000017058000)
 End Bits:   [0x0000000017058000, 0x000000001aff0000)

Polling page: 0x0000000000c70000

CodeCache: size=245760Kb used=9016Kb max_used=9016Kb free=236743Kb
 bounds [0x0000000002bb0000, 0x0000000003490000, 0x0000000011bb0000]
 total_blobs=3150 nmethods=2714 adapters=355
 compilation: enabled

Compilation events (10 events):
Event: 34.972 Thread 0x000000001c1d8000 2728       3       com.google.common.collect.ImmutableCollection$Builder::<init> (5 bytes)
Event: 34.972 Thread 0x000000001c1d8000 nmethod 2728 0x0000000003481c50 code [0x0000000003481da0, 0x0000000003481f50]
Event: 34.973 Thread 0x000000001c1d8000 2729       3       org.openqa.selenium.json.MapCoercer$$Lambda$89/937277082::apply (24 bytes)
Event: 34.973 Thread 0x000000001c1d8000 nmethod 2729 0x0000000003482010 code [0x0000000003482180, 0x0000000003482448]
Event: 34.973 Thread 0x000000001c1d8000 2730       3       org.openqa.selenium.json.MapCoercer::lambda$null$0 (38 bytes)
Event: 34.973 Thread 0x000000001c1d8000 nmethod 2730 0x0000000003482550 code [0x00000000034826e0, 0x0000000003482a78]
Event: 34.973 Thread 0x000000001c1d8000 2731   !   3       sun.reflect.GeneratedMethodAccessor1::invoke (61 bytes)
Event: 34.973 Thread 0x000000001c1d8000 nmethod 2731 0x0000000003482c90 code [0x0000000003482e80, 0x00000000034835a8]
Event: 34.973 Thread 0x000000001c1d8000 2732       3       java.lang.reflect.Method::invoke (62 bytes)
Event: 34.974 Thread 0x000000001c1d8000 nmethod 2732 0x00000000034839d0 code [0x0000000003483b80, 0x0000000003484128]

GC Heap History (6 events):
Event: 1.970 GC heap before
{Heap before GC invocations=1 (full 0):
 PSYoungGen      total 76288K, used 65536K [0x000000076b380000, 0x0000000770880000, 0x00000007c0000000)
  eden space 65536K, 100% used [0x000000076b380000,0x000000076f380000,0x000000076f380000)
  from space 10752K, 0% used [0x000000076fe00000,0x000000076fe00000,0x0000000770880000)
  to   space 10752K, 0% used [0x000000076f380000,0x000000076f380000,0x000000076fe00000)
 ParOldGen       total 175104K, used 0K [0x00000006c1a00000, 0x00000006cc500000, 0x000000076b380000)
  object space 175104K, 0% used [0x00000006c1a00000,0x00000006c1a00000,0x00000006cc500000)
 Metaspace       used 16453K, capacity 17018K, committed 17280K, reserved 1064960K
  class space    used 1984K, capacity 2149K, committed 2176K, reserved 1048576K
Event: 1.978 GC heap after
Heap after GC invocations=1 (full 0):
 PSYoungGen      total 76288K, used 9737K [0x000000076b380000, 0x0000000770880000, 0x00000007c0000000)
  eden space 65536K, 0% used [0x000000076b380000,0x000000076b380000,0x000000076f380000)
  from space 10752K, 90% used [0x000000076f380000,0x000000076fd02410,0x000000076fe00000)
  to   space 10752K, 0% used [0x000000076fe00000,0x000000076fe00000,0x0000000770880000)
 ParOldGen       total 175104K, used 80K [0x00000006c1a00000, 0x00000006cc500000, 0x000000076b380000)
  object space 175104K, 0% used [0x00000006c1a00000,0x00000006c1a14010,0x00000006cc500000)
 Metaspace       used 16453K, capacity 17018K, committed 17280K, reserved 1064960K
  class space    used 1984K, capacity 2149K, committed 2176K, reserved 1048576K
}
Event: 5.058 GC heap before
{Heap before GC invocations=2 (full 0):
 PSYoungGen      total 76288K, used 35289K [0x000000076b380000, 0x0000000770880000, 0x00000007c0000000)
  eden space 65536K, 38% used [0x000000076b380000,0x000000076cc740b0,0x000000076f380000)
  from space 10752K, 90% used [0x000000076f380000,0x000000076fd02410,0x000000076fe00000)
  to   space 10752K, 0% used [0x000000076fe00000,0x000000076fe00000,0x0000000770880000)
 ParOldGen       total 175104K, used 80K [0x00000006c1a00000, 0x00000006cc500000, 0x000000076b380000)
  object space 175104K, 0% used [0x00000006c1a00000,0x00000006c1a14010,0x00000006cc500000)
 Metaspace       used 20485K, capacity 21190K, committed 21296K, reserved 1069056K
  class space    used 2504K, capacity 2681K, committed 2688K, reserved 1048576K
Event: 5.064 GC heap after
Heap after GC invocations=2 (full 0):
 PSYoungGen      total 76288K, used 8272K [0x000000076b380000, 0x0000000770880000, 0x00000007c0000000)
  eden space 65536K, 0% used [0x000000076b380000,0x000000076b380000,0x000000076f380000)
  from space 10752K, 76% used [0x000000076fe00000,0x00000007706143a0,0x0000000770880000)
  to   space 10752K, 0% used [0x000000076f380000,0x000000076f380000,0x000000076fe00000)
 ParOldGen       total 175104K, used 88K [0x00000006c1a00000, 0x00000006cc500000, 0x000000076b380000)
  object space 175104K, 0% used [0x00000006c1a00000,0x00000006c1a16010,0x00000006cc500000)
 Metaspace       used 20485K, capacity 21190K, committed 21296K, reserved 1069056K
  class space    used 2504K, capacity 2681K, committed 2688K, reserved 1048576K
}
Event: 5.064 GC heap before
{Heap before GC invocations=3 (full 1):
 PSYoungGen      total 76288K, used 8272K [0x000000076b380000, 0x0000000770880000, 0x00000007c0000000)
  eden space 65536K, 0% used [0x000000076b380000,0x000000076b380000,0x000000076f380000)
  from space 10752K, 76% used [0x000000076fe00000,0x00000007706143a0,0x0000000770880000)
  to   space 10752K, 0% used [0x000000076f380000,0x000000076f380000,0x000000076fe00000)
 ParOldGen       total 175104K, used 88K [0x00000006c1a00000, 0x00000006cc500000, 0x000000076b380000)
  object space 175104K, 0% used [0x00000006c1a00000,0x00000006c1a16010,0x00000006cc500000)
 Metaspace       used 20485K, capacity 21190K, committed 21296K, reserved 1069056K
  class space    used 2504K, capacity 2681K, committed 2688K, reserved 1048576K
Event: 5.089 GC heap after
Heap after GC invocations=3 (full 1):
 PSYoungGen      total 76288K, used 0K [0x000000076b380000, 0x0000000770880000, 0x00000007c0000000)
  eden space 65536K, 0% used [0x000000076b380000,0x000000076b380000,0x000000076f380000)
  from space 10752K, 0% used [0x000000076fe00000,0x000000076fe00000,0x0000000770880000)
  to   space 10752K, 0% used [0x000000076f380000,0x000000076f380000,0x000000076fe00000)
 ParOldGen       total 73728K, used 8089K [0x00000006c1a00000, 0x00000006c6200000, 0x000000076b380000)
  object space 73728K, 10% used [0x00000006c1a00000,0x00000006c21e6458,0x00000006c6200000)
 Metaspace       used 20485K, capacity 21190K, committed 21296K, reserved 1069056K
  class space    used 2504K, capacity 2681K, committed 2688K, reserved 1048576K
}

Deoptimization events (10 events):
Event: 5.456 Thread 0x0000000002ab6000 Uncommon trap: reason=unstable_if action=reinterpret pc=0x00000000032c8ea4 method=org.apache.xmlbeans.impl.store.Cur.isNormal()Z @ 60
Event: 5.456 Thread 0x0000000002ab6000 Uncommon trap: reason=unstable_if action=reinterpret pc=0x00000000032cb640 method=org.apache.xmlbeans.impl.store.Cur.moveTo(Lorg/apache/xmlbeans/impl/store/Xobj;I)V @ 111
Event: 5.456 Thread 0x0000000002ab6000 Uncommon trap: reason=unstable_if action=reinterpret pc=0x00000000032af9c0 method=org.apache.xmlbeans.impl.store.Cur.moveToNoCheck(Lorg/apache/xmlbeans/impl/store/Xobj;I)V @ 5
Event: 5.456 Thread 0x0000000002ab6000 Uncommon trap: reason=unstable_if action=reinterpret pc=0x00000000032b2d80 method=org.apache.xmlbeans.impl.store.Cur.isNormal()Z @ 60
Event: 5.456 Thread 0x0000000002ab6000 Uncommon trap: reason=unstable_if action=reinterpret pc=0x0000000003294564 method=org.apache.xmlbeans.impl.store.Xobj.bitIsSet(I)Z @ 6
Event: 23.078 Thread 0x0000000002ab6000 Uncommon trap: reason=unhandled action=none pc=0x00000000033d088c method=java.net.URLClassLoader.findClass(Ljava/lang/String;)Ljava/lang/Class; @ 44
Event: 23.079 Thread 0x0000000002ab6000 Uncommon trap: reason=unhandled action=none pc=0x00000000033d088c method=java.net.URLClassLoader.findClass(Ljava/lang/String;)Ljava/lang/Class; @ 44
Event: 23.286 Thread 0x0000000002ab6000 Uncommon trap: reason=unhandled action=none pc=0x00000000033d088c method=java.net.URLClassLoader.findClass(Ljava/lang/String;)Ljava/lang/Class; @ 44
Event: 25.367 Thread 0x0000000002ab6000 Uncommon trap: reason=unhandled action=none pc=0x00000000033d088c method=java.net.URLClassLoader.findClass(Ljava/lang/String;)Ljava/lang/Class; @ 44
Event: 25.369 Thread 0x0000000002ab6000 Uncommon trap: reason=unhandled action=none pc=0x00000000033d088c method=java.net.URLClassLoader.findClass(Ljava/lang/String;)Ljava/lang/Class; @ 44

Classes redefined (4 events):
Event: 111.749 Thread 0x000000001c158000 redefined class name=com.investaSolutions.pages.VerifyStrategyDetailsOnStrategyManagementPage, count=1
Event: 129.777 Thread 0x000000001c158000 redefined class name=com.investaSolutions.pages.VerifyStrategyDetailsOnStrategyManagementPage, count=2
Event: 132.645 Thread 0x000000001c158000 redefined class name=com.investaSolutions.tests.VerifyStrategyDetailsOnStrategyManagementTest, count=1
Event: 203.029 Thread 0x000000001c158000 redefined class name=com.investaSolutions.tests.VerifyStrategyDetailsOnStrategyManagementTest, count=2

Internal exceptions (10 events):
Event: 34.633 Thread 0x0000000002ab6000 Exception <a 'java/net/SocketTimeoutException': Read timed out> (0x000000076d584418) thrown at [C:\re\workspace\8-2-build-windows-amd64-cygwin\jdk8u201\12322\hotspot\src\share\vm\prims\jni.cpp, line 735]
Event: 34.644 Thread 0x0000000002ab6000 Exception <a 'java/net/SocketTimeoutException': Read timed out> (0x000000076d59dc28) thrown at [C:\re\workspace\8-2-build-windows-amd64-cygwin\jdk8u201\12322\hotspot\src\share\vm\prims\jni.cpp, line 735]
Event: 34.662 Thread 0x0000000002ab6000 Exception <a 'java/net/SocketTimeoutException': Read timed out> (0x000000076d5b9338) thrown at [C:\re\workspace\8-2-build-windows-amd64-cygwin\jdk8u201\12322\hotspot\src\share\vm\prims\jni.cpp, line 735]
Event: 34.707 Thread 0x0000000002ab6000 Exception <a 'java/net/SocketTimeoutException': Read timed out> (0x000000076d5fb5d8) thrown at [C:\re\workspace\8-2-build-windows-amd64-cygwin\jdk8u201\12322\hotspot\src\share\vm\prims\jni.cpp, line 735]
Event: 34.718 Thread 0x0000000002ab6000 Exception <a 'java/net/SocketTimeoutException': Read timed out> (0x000000076d616618) thrown at [C:\re\workspace\8-2-build-windows-amd64-cygwin\jdk8u201\12322\hotspot\src\share\vm\prims\jni.cpp, line 735]
Event: 34.906 Thread 0x0000000002ab6000 Exception <a 'java/net/SocketTimeoutException': Read timed out> (0x000000076d6323e8) thrown at [C:\re\workspace\8-2-build-windows-amd64-cygwin\jdk8u201\12322\hotspot\src\share\vm\prims\jni.cpp, line 735]
Event: 34.920 Thread 0x0000000002ab6000 Exception <a 'java/net/SocketTimeoutException': Read timed out> (0x000000076d64e0f8) thrown at [C:\re\workspace\8-2-build-windows-amd64-cygwin\jdk8u201\12322\hotspot\src\share\vm\prims\jni.cpp, line 735]
Event: 34.935 Thread 0x0000000002ab6000 Exception <a 'java/net/SocketTimeoutException': Read timed out> (0x000000076d668c08) thrown at [C:\re\workspace\8-2-build-windows-amd64-cygwin\jdk8u201\12322\hotspot\src\share\vm\prims\jni.cpp, line 735]
Event: 34.939 Thread 0x0000000002ab6000 Exception <a 'java/net/SocketTimeoutException': Read timed out> (0x000000076d682438) thrown at [C:\re\workspace\8-2-build-windows-amd64-cygwin\jdk8u201\12322\hotspot\src\share\vm\prims\jni.cpp, line 735]
Event: 34.960 Thread 0x0000000002ab6000 Exception <a 'java/net/SocketTimeoutException': Read timed out> (0x000000076d6b0310) thrown at [C:\re\workspace\8-2-build-windows-amd64-cygwin\jdk8u201\12322\hotspot\src\share\vm\prims\jni.cpp, line 735]

Events (10 events):
Event: 203.029 Executing VM operation: RedefineClasses done
Event: 203.036 Executing VM operation: ChangeBreakpoints
Event: 203.037 Executing VM operation: ChangeBreakpoints done
Event: 203.037 Executing VM operation: ChangeBreakpoints
Event: 203.038 Executing VM operation: ChangeBreakpoints done
Event: 203.162 Executing VM operation: GetOwnedMonitorInfo
Event: 203.162 Executing VM operation: GetOwnedMonitorInfo done
Event: 203.162 Executing VM operation: GetCurrentContendedMonitor
Event: 203.162 Executing VM operation: GetCurrentContendedMonitor done
Event: 203.168 Executing VM operation: GetOrSetLocal


Dynamic libraries:
0x00007ff7afd70000 - 0x00007ff7afda7000 	C:\Program Files\Java\jdk1.8.0_201\bin\javaw.exe
0x00007ffd96a40000 - 0x00007ffd96c21000 	C:\Windows\SYSTEM32\ntdll.dll
0x00007ffd95a20000 - 0x00007ffd95ad1000 	C:\Windows\System32\KERNEL32.DLL
0x00007ffd938e0000 - 0x00007ffd93b53000 	C:\Windows\System32\KERNELBASE.dll
0x00007ffd964e0000 - 0x00007ffd96581000 	C:\Windows\System32\ADVAPI32.dll
0x00007ffd955c0000 - 0x00007ffd9565e000 	C:\Windows\System32\msvcrt.dll
0x00007ffd93ed0000 - 0x00007ffd93f2b000 	C:\Windows\System32\sechost.dll
0x00007ffd93f30000 - 0x00007ffd94054000 	C:\Windows\System32\RPCRT4.dll
0x00007ffd96350000 - 0x00007ffd964e0000 	C:\Windows\System32\USER32.dll
0x00007ffd93050000 - 0x00007ffd93070000 	C:\Windows\System32\win32u.dll
0x00007ffd95ae0000 - 0x00007ffd95b08000 	C:\Windows\System32\GDI32.dll
0x00007ffd92eb0000 - 0x00007ffd93041000 	C:\Windows\System32\gdi32full.dll
0x00007ffd93e00000 - 0x00007ffd93e9f000 	C:\Windows\System32\msvcp_win.dll
0x00007ffd93070000 - 0x00007ffd93168000 	C:\Windows\System32\ucrtbase.dll
0x00007ffd74320000 - 0x00007ffd74589000 	C:\Windows\WinSxS\amd64_microsoft.windows.common-controls_6595b64144ccf1df_6.0.17134.885_none_fb42a3473065565f\COMCTL32.dll
0x00007ffd95cb0000 - 0x00007ffd95fd2000 	C:\Windows\System32\combase.dll
0x00007ffd92de0000 - 0x00007ffd92e59000 	C:\Windows\System32\bcryptPrimitives.dll
0x00007ffd93ea0000 - 0x00007ffd93ecd000 	C:\Windows\System32\IMM32.DLL
0x0000000072c70000 - 0x0000000072d41000 	C:\Program Files\Java\jdk1.8.0_201\jre\bin\msvcr100.dll
0x00000000716c0000 - 0x0000000071f64000 	C:\Program Files\Java\jdk1.8.0_201\jre\bin\server\jvm.dll
0x00007ffd962e0000 - 0x00007ffd962e8000 	C:\Windows\System32\PSAPI.DLL
0x00007ffd8ad10000 - 0x00007ffd8ad1a000 	C:\Windows\SYSTEM32\VERSION.dll
0x00007ffd8c230000 - 0x00007ffd8c239000 	C:\Windows\SYSTEM32\WSOCK32.dll
0x00007ffd7e710000 - 0x00007ffd7e733000 	C:\Windows\SYSTEM32\WINMM.dll
0x00007ffd95890000 - 0x00007ffd958fc000 	C:\Windows\System32\WS2_32.dll
0x00007ffd7e6e0000 - 0x00007ffd7e70a000 	C:\Windows\SYSTEM32\WINMMBASE.dll
0x00007ffd92e60000 - 0x00007ffd92ea9000 	C:\Windows\System32\cfgmgr32.dll
0x00007ffd8ee40000 - 0x00007ffd8ee4f000 	C:\Program Files\Java\jdk1.8.0_201\jre\bin\verify.dll
0x00007ffd8c550000 - 0x00007ffd8c579000 	C:\Program Files\Java\jdk1.8.0_201\jre\bin\java.dll
0x00007ffd84670000 - 0x00007ffd846a5000 	C:\Program Files\Java\jdk1.8.0_201\jre\bin\jdwp.dll
0x00007ffd8ce10000 - 0x00007ffd8ce18000 	C:\Program Files\Java\jdk1.8.0_201\jre\bin\npt.dll
0x00007ffd8cce0000 - 0x00007ffd8ccf6000 	C:\Program Files\Java\jdk1.8.0_201\jre\bin\zip.dll
0x00007ffd94170000 - 0x00007ffd955b0000 	C:\Windows\System32\SHELL32.dll
0x00007ffd940c0000 - 0x00007ffd94169000 	C:\Windows\System32\shcore.dll
0x00007ffd931d0000 - 0x00007ffd938dd000 	C:\Windows\System32\windows.storage.dll
0x00007ffd962f0000 - 0x00007ffd96341000 	C:\Windows\System32\shlwapi.dll
0x00007ffd92dc0000 - 0x00007ffd92dd1000 	C:\Windows\System32\kernel.appcore.dll
0x00007ffd92d30000 - 0x00007ffd92d4f000 	C:\Windows\System32\profapi.dll
0x00007ffd92d50000 - 0x00007ffd92d9c000 	C:\Windows\System32\powrprof.dll
0x00007ffd92d20000 - 0x00007ffd92d2a000 	C:\Windows\System32\FLTLIB.DLL
0x00007ffd8c290000 - 0x00007ffd8c299000 	C:\Program Files\Java\jdk1.8.0_201\jre\bin\dt_socket.dll
0x00007ffd8c360000 - 0x00007ffd8c376000 	C:\Windows\system32\napinsp.dll
0x00007ffd8c3a0000 - 0x00007ffd8c3ba000 	C:\Windows\system32\pnrpnsp.dll
0x00007ffd8f420000 - 0x00007ffd8f439000 	C:\Windows\system32\NLAapi.dll
0x00007ffd92540000 - 0x00007ffd925a6000 	C:\Windows\System32\mswsock.dll
0x00007ffd92310000 - 0x00007ffd923ce000 	C:\Windows\SYSTEM32\DNSAPI.dll
0x00007ffd95900000 - 0x00007ffd95908000 	C:\Windows\System32\NSI.dll
0x00007ffd922d0000 - 0x00007ffd92308000 	C:\Windows\SYSTEM32\IPHLPAPI.DLL
0x00007ffd8efa0000 - 0x00007ffd8efae000 	C:\Windows\System32\winrnr.dll
0x00007ffd8eeb0000 - 0x00007ffd8ef22000 	C:\Windows\System32\fwpuclnt.dll
0x00007ffd92820000 - 0x00007ffd92845000 	C:\Windows\SYSTEM32\bcrypt.dll
0x00007ffd8cc00000 - 0x00007ffd8cc0a000 	C:\Windows\System32\rasadhlp.dll
0x00007ffd8cf10000 - 0x00007ffd8cf2a000 	C:\Program Files\Java\jdk1.8.0_201\jre\bin\net.dll
0x00007ffd8b070000 - 0x00007ffd8b239000 	C:\Windows\SYSTEM32\urlmon.dll
0x00007ffd863d0000 - 0x00007ffd86676000 	C:\Windows\SYSTEM32\iertutil.dll
0x00007ffd92710000 - 0x00007ffd9271b000 	C:\Windows\SYSTEM32\CRYPTBASE.DLL
0x00007ffd926f0000 - 0x00007ffd92707000 	C:\Windows\SYSTEM32\CRYPTSP.dll
0x00007ffd92130000 - 0x00007ffd92163000 	C:\Windows\system32\rsaenh.dll
0x00007ffd92c20000 - 0x00007ffd92c48000 	C:\Windows\SYSTEM32\USERENV.dll
0x00007ffd8f440000 - 0x00007ffd8f456000 	C:\Windows\SYSTEM32\dhcpcsvc6.DLL
0x00007ffd8f250000 - 0x00007ffd8f26a000 	C:\Windows\SYSTEM32\dhcpcsvc.DLL
0x00007ffd8ced0000 - 0x00007ffd8cee1000 	C:\Program Files\Java\jdk1.8.0_201\jre\bin\nio.dll
0x00007ffd84a90000 - 0x00007ffd84ab4000 	C:\Program Files\Java\jdk1.8.0_201\jre\bin\sunec.dll
0x00007ffd8f7c0000 - 0x00007ffd8f7cb000 	C:\Program Files\Java\jdk1.8.0_201\jre\bin\sunmscapi.dll
0x00007ffd93c10000 - 0x00007ffd93df2000 	C:\Windows\System32\CRYPT32.dll
0x00007ffd92da0000 - 0x00007ffd92db2000 	C:\Windows\System32\MSASN1.dll

VM Arguments:
jvm_args: -agentlib:jdwp=transport=dt_socket,suspend=y,address=localhost:59081 -ea -Dfile.encoding=Cp1252 -Xbootclasspath:C:\Program Files\Java\jdk1.8.0_201\jre\lib\resources.jar;C:\Program Files\Java\jdk1.8.0_201\jre\lib\rt.jar;C:\Program Files\Java\jdk1.8.0_201\jre\lib\jsse.jar;C:\Program Files\Java\jdk1.8.0_201\jre\lib\jce.jar;C:\Program Files\Java\jdk1.8.0_201\jre\lib\charsets.jar;C:\Program Files\Java\jdk1.8.0_201\jre\lib\jfr.jar;C:\Program Files\Java\jdk1.8.0_201\lib\tools.jar 
java_command: org.testng.remote.RemoteTestNG -serport 59079 -protocol json -d C:\Users\dheeraj.singh\git\InvTestFramework\test-output C:\Users\dheeraj.singh\git\InvTestFramework\testng.xml
java_class_path (initial): C:\Users\dheeraj.singh\Downloads\eclipse-jee-2018-12-R-win32-x86_64\eclipse\configuration\org.eclipse.osgi\1031\0\.cp\lib\testng-remote.jar;C:\Users\dheeraj.singh\git\InvTestFramework\target\test-classes;C:\Users\dheeraj.singh\git\InvTestFramework\target\classes;C:\Users\dheeraj.singh\.m2\repository\com\googlecode\json-simple\json-simple\1.1.1\json-simple-1.1.1.jar;C:\Users\dheeraj.singh\.m2\repository\junit\junit\4.10\junit-4.10.jar;C:\Users\dheeraj.singh\.m2\repository\org\hamcrest\hamcrest-core\1.1\hamcrest-core-1.1.jar;C:\Users\dheeraj.singh\.m2\repository\com\codoid\products\fillo\1.18\fillo-1.18.jar;C:\Users\dheeraj.singh\.m2\repository\org\seleniumhq\selenium\selenium-java\3.13.0\selenium-java-3.13.0.jar;C:\Users\dheeraj.singh\.m2\repository\org\seleniumhq\selenium\selenium-api\3.13.0\selenium-api-3.13.0.jar;C:\Users\dheeraj.singh\.m2\repository\org\seleniumhq\selenium\selenium-chrome-driver\3.13.0\selenium-chrome-driver-3.13.0.jar;C:\Users\dheeraj.singh\.m2\repository\org\seleniumhq\selenium\selenium-edge-driver\3.13.0\selenium-edge-driver-3.13.0.jar;C:\Users\dheeraj.singh\.m2\repository\org\seleniumhq\selenium\selenium-firefox-driver\3.13.0\selenium-firefox-driver-3.13.0.jar;C:\Users\dheeraj.singh\.m2\repository\org\seleniumhq\selenium\selenium-ie-driver\3.13.0\selenium-ie-driver-3.13.0.jar;C:\Users\dheeraj.singh\.m2\repository\org\seleniumhq\selenium\selenium-opera-driver\3.13.0\selenium-opera-driver-3.13.0.jar;C:\Users\dheeraj.singh\.m2\repository\org\seleniumhq\selenium\selenium-remote-driver\3.13.0\selenium-remote-driver-3.13.0.jar;C:\Users\dheeraj.singh\.m2\repository\org\seleniumhq\selenium\selenium-safari-driver\3.13.0\selenium-safari-driver-3.13.0.jar;C:\Users\dheeraj.singh\.m2\repository\org\seleniumhq\selenium\selenium-support\3.13.0\selenium-support-3.13.0.jar;C:\Users\dheeraj.singh\.m2\repository\net\bytebuddy\byte-buddy\1.8.3\byte-buddy-1.8.3.jar;C:\Users\dheeraj.singh\.m2\repository\org\apache\commons\commons-exec\
Launcher Type: SUN_STANDARD

Environment Variables:
PATH=C:\Program Files\Java\jdk1.8.0_201\jre\bin;C:/Program Files/Java/jre1.8.0_201/bin/server;C:/Program Files/Java/jre1.8.0_201/bin;C:/Program Files/Java/jre1.8.0_201/lib/amd64;C:\Program Files (x86)\Common Files\Oracle\Java\javapath;C:\Windows\system32;C:\Windows;C:\Windows\System32\Wbem;C:\Windows\System32\WindowsPowerShell\v1.0\;C:\Windows\System32\OpenSSH\;C:\Program Files\TortoiseSVN\bin;C:\Program Files\dotnet\;C:\Program Files\Microsoft SQL Server\130\Tools\Binn\;E:\Selenium jars\apache-maven-3.6.0\bin;C:\Program Files\nodejs\;C:\Program Files\Microsoft SQL Server\Client SDK\ODBC\130\Tools\Binn\;C:\Program Files (x86)\Microsoft SQL Server\140\Tools\Binn\;C:\Program Files\Microsoft SQL Server\140\Tools\Binn\;C:\Program Files\Microsoft SQL Server\140\DTS\Binn\;C:\Program Files\Microsoft SQL Server\110\DTS\Binn\;C:\Program Files (x86)\Microsoft SQL Server\110\Tools\Binn\;C:\Program Files\Microsoft SQL Server\110\Tools\Binn\;C:\Program Files (x86)\Microsoft SQL Server\110\Tools\Binn\ManagementStudio\;C:\Program Files (x86)\Microsoft Visual Studio 10.0\Common7\IDE\PrivateAssemblies\;C:\Program Files (x86)\Microsoft SQL Server\110\DTS\Binn\;C:\Users\dheeraj.singh\Downloads\allure-2.12.1\bin;C:\Program Files\Java\jdk1.8.0_201\bin;C:\Users\dheeraj.singh\AppData\Local\Programs\Git\cmd;C:\Users\dheeraj.singh\.dotnet\tools;C:\Users\dheeraj.singh\AppData\Roaming\npm;C:\Users\dheeraj.singh\Downloads\eclipse-jee-2018-12-R-win32-x86_64\eclipse;
USERNAME=dheeraj.singh
OS=Windows_NT
PROCESSOR_IDENTIFIER=Intel64 Family 6 Model 158 Stepping 9, GenuineIntel



---------------  S Y S T E M  ---------------

OS: Windows 10.0 , 64 bit Build 17134 (10.0.17134.753)

CPU:total 4 (initial active 4) (4 cores per cpu, 1 threads per core) family 6 model 158 stepping 9, cmov, cx8, fxsr, mmx, sse, sse2, sse3, ssse3, sse4.1, sse4.2, popcnt, avx, avx2, aes, clmul, erms, rtm, 3dnowpref, lzcnt, tsc, tscinvbit, bmi1, bmi2, adx

Memory: 4k page, physical 16670584k(9447468k free), swap 24392268k(13878584k free)

vm_info: Java HotSpot(TM) 64-Bit Server VM (25.201-b09) for windows-amd64 JRE (1.8.0_201-b09), built on Dec 15 2018 18:36:39 by "java_re" with MS VC++ 10.0 (VS2010)

time: Wed Jul 24 18:18:46 2019
timezone: India Standard Time
elapsed time: 203 seconds (0d 0h 3m 23s)

